<?xml version="1.0" encoding="UTF-8"?>
<testsuite xmlns:xsi="http://www.w3.org/2001/XMLSchema-instance" xsi:noNamespaceSchemaLocation="https://maven.apache.org/surefire/maven-surefire-plugin/xsd/surefire-test-report.xsd" name="SampleJavaCodes.AppTest" time="0.035" tests="1" errors="0" skipped="0" failures="0">
  <properties>
    <property name="sun.desktop" value="windows"/>
    <property name="awt.toolkit" value="sun.awt.windows.WToolkit"/>
    <property name="file.encoding.pkg" value="sun.io"/>
    <property name="java.specification.version" value="1.8"/>
    <property name="sun.cpu.isalist" value="amd64"/>
    <property name="sun.jnu.encoding" value="Cp1252"/>
    <property name="java.class.path" value="c:\Users\sharbaf\Documents\Repos\SampleJavaCodes\SampleJavaCodes\target\test-classes;c:\Users\sharbaf\Documents\Repos\SampleJavaCodes\SampleJavaCodes\target\classes;C:\Users\sharbaf\.m2\repository\junit\junit\4.11\junit-4.11.jar;C:\Users\sharbaf\.m2\repository\org\hamcrest\hamcrest-core\1.3\hamcrest-core-1.3.jar;"/>
    <property name="java.vm.vendor" value=""/>
    <property name="sun.arch.data.model" value="64"/>
    <property name="user.variant" value=""/>
    <property name="java.vendor.url" value="http://java.oracle.com/"/>
    <property name="user.timezone" value="Europe/Paris"/>
    <property name="java.vm.specification.version" value="1.8"/>
    <property name="os.name" value="Windows 10"/>
    <property name="user.country" value="FR"/>
    <property name="sun.java.launcher" value="SUN_STANDARD"/>
    <property name="sun.boot.library.path" value="C:\Users\sharbaf\AppData\Local\Programs\AdoptOpenJDK\jre\bin"/>
    <property name="sun.java.command" value="C:\Users\sharbaf\AppData\Local\Temp\surefire337580275363043945\surefirebooter7643658424376579309.jar C:\Users\sharbaf\AppData\Local\Temp\surefire337580275363043945 2019-09-04T12-03-05_863-jvmRun1 surefire8637748192995112127tmp surefire_04804665396939082558tmp"/>
    <property name="surefire.test.class.path" value="c:\Users\sharbaf\Documents\Repos\SampleJavaCodes\SampleJavaCodes\target\test-classes;c:\Users\sharbaf\Documents\Repos\SampleJavaCodes\SampleJavaCodes\target\classes;C:\Users\sharbaf\.m2\repository\junit\junit\4.11\junit-4.11.jar;C:\Users\sharbaf\.m2\repository\org\hamcrest\hamcrest-core\1.3\hamcrest-core-1.3.jar;"/>
    <property name="sun.cpu.endian" value="little"/>
    <property name="user.home" value="C:\Users\sharbaf"/>
    <property name="user.language" value="fr"/>
    <property name="java.specification.vendor" value="Oracle Corporation"/>
    <property name="java.home" value="C:\Users\sharbaf\AppData\Local\Programs\AdoptOpenJDK\jre"/>
    <property name="basedir" value="c:\Users\sharbaf\Documents\Repos\SampleJavaCodes\SampleJavaCodes"/>
    <property name="file.separator" value="\"/>
    <property name="line.separator" value="&#10;"/>
    <property name="java.vm.specification.vendor" value="Oracle Corporation"/>
    <property name="java.specification.name" value="Java Platform API Specification"/>
    <property name="java.awt.graphicsenv" value="sun.awt.Win32GraphicsEnvironment"/>
    <property name="surefire.real.class.path" value="C:\Users\sharbaf\AppData\Local\Temp\surefire337580275363043945\surefirebooter7643658424376579309.jar"/>
    <property name="sun.boot.class.path" value="C:\Users\sharbaf\AppData\Local\Programs\AdoptOpenJDK\jre\lib\resources.jar;C:\Users\sharbaf\AppData\Local\Programs\AdoptOpenJDK\jre\lib\rt.jar;C:\Users\sharbaf\AppData\Local\Programs\AdoptOpenJDK\jre\lib\sunrsasign.jar;C:\Users\sharbaf\AppData\Local\Programs\AdoptOpenJDK\jre\lib\jsse.jar;C:\Users\sharbaf\AppData\Local\Programs\AdoptOpenJDK\jre\lib\jce.jar;C:\Users\sharbaf\AppData\Local\Programs\AdoptOpenJDK\jre\lib\charsets.jar;C:\Users\sharbaf\AppData\Local\Programs\AdoptOpenJDK\jre\lib\jfr.jar;C:\Users\sharbaf\AppData\Local\Programs\AdoptOpenJDK\jre\classes"/>
    <property name="user.script" value=""/>
    <property name="sun.management.compiler" value="HotSpot 64-Bit Tiered Compilers"/>
    <property name="java.runtime.version" value="1.8.0_222-b10"/>
    <property name="user.name" value="sharbaf"/>
    <property name="path.separator" value=";"/>
    <property name="os.version" value="10.0"/>
    <property name="java.endorsed.dirs" value="C:\Users\sharbaf\AppData\Local\Programs\AdoptOpenJDK\jre\lib\endorsed"/>
    <property name="java.runtime.name" value="OpenJDK Runtime Environment"/>
    <property name="file.encoding" value="Cp1252"/>
    <property name="java.vm.name" value="OpenJDK 64-Bit Server VM"/>
    <property name="localRepository" value="C:\Users\sharbaf\.m2\repository"/>
    <property name="java.vendor.url.bug" value="http://bugreport.sun.com/bugreport/"/>
    <property name="java.io.tmpdir" value="C:\Users\sharbaf\AppData\Local\Temp\"/>
    <property name="java.version" value="1.8.0_222"/>
    <property name="user.dir" value="c:\Users\sharbaf\Documents\Repos\SampleJavaCodes\SampleJavaCodes"/>
    <property name="os.arch" value="amd64"/>
    <property name="java.vm.specification.name" value="Java Virtual Machine Specification"/>
    <property name="java.awt.printerjob" value="sun.awt.windows.WPrinterJob"/>
    <property name="sun.os.patch.level" value=""/>
    <property name="java.library.path" value="C:\Users\sharbaf\AppData\Local\Programs\AdoptOpenJDK\jre\bin;C:\WINDOWS\Sun\Java\bin;C:\WINDOWS\system32;C:\WINDOWS;C:\Program Files (x86)\Common Files\Oracle\Java\javapath;C:\ProgramData\Oracle\Java\javapath;c:\program files (x86)\intel\icls client\;c:\program files\intel\icls client\;C:\WINDOWS\system32;C:\WINDOWS;C:\WINDOWS\system32\wbem;C:\WINDOWS\system32\windowspowershell\v1.0\;c:\program files\intel\intel(r) management engine components\dal;c:\program files\intel\intel(r) management engine components\ipt;c:\program files (x86)\intel\intel(r) management engine components\dal;c:\program files (x86)\intel\intel(r) management engine components\ipt;c:\program files (x86)\ati technologies\ati.ace\core-static;c:\program files\dell\dell data protection\drivers\tss\bin\;C:\Program Files (x86)\MATLAB\R2006b\bin;C:\Program Files (x86)\MATLAB\R2006b\bin\win32;C:\WINDOWS\system32;C:\WINDOWS;C:\WINDOWS\System32\Wbem;C:\WINDOWS\System32\WindowsPowerShell\v1.0\;C:\WINDOWS\System32\OpenSSH\;C:\Program Files\dotnet\;C:\Program Files\Microsoft SQL Server\130\Tools\Binn\;C:\Program Files\Microsoft SQL Server\Client SDK\ODBC\170\Tools\Binn\;C:\Program Files\Java\jdk\bin;C:\Program Files\Java\jre\bin;C:\Program Files\Git\cmd;C:\Users\sharbaf\AppData\Local\Programs\AdoptOpenJDK\bin;C:\Users\sharbaf\AppData\Local\Microsoft\WindowsApps;C:\Users\sharbaf\AppData\Local\Programs\Microsoft VS Code\bin;C:\OpenCV\x64\vc16\bin;;."/>
    <property name="java.vm.info" value="mixed mode"/>
    <property name="java.vendor" value="AdoptOpenJDK"/>
    <property name="java.vm.version" value="25.222-b10"/>
    <property name="java.ext.dirs" value="C:\Users\sharbaf\AppData\Local\Programs\AdoptOpenJDK\jre\lib\ext;C:\WINDOWS\Sun\Java\lib\ext"/>
    <property name="sun.io.unicode.encoding" value="UnicodeLittle"/>
    <property name="java.class.version" value="52.0"/>
  </properties>
  <testcase name="shouldAnswerWithTrue" classname="SampleJavaCodes.AppTest" time="0.001"/>
</testsuite>